<?xml version="1.0" encoding="UTF-8"?>
<!-- Generated by org.testng.reporters.JUnitReportReporter -->
<testsuite hostname="LAPTOP-8AFIQ1EI" name="Jenkins.Jen.test" tests="1" failures="0" timestamp="12 May 2020 08:34:43 GMT" time="0.019" errors="0">
  <testcase name="tt" time="0.019" classname="Jenkins.Jen.test"/>
</testsuite> <!-- Jenkins.Jen.test -->
